<?xml version="1.0" encoding="UTF-8"?>
<testng-results skipped="0" failed="0" ignored="0" total="4" passed="4">
  <reporter-output>
  </reporter-output>
  <suite name="Default suite" duration-ms="129753" started-at="2020-01-22T14:11:02Z" finished-at="2020-01-22T14:13:12Z">
    <groups>
    </groups>
    <test name="Default test" duration-ms="129753" started-at="2020-01-22T14:11:02Z" finished-at="2020-01-22T14:13:12Z">
      <class name="main.GoogleSearch">
        <test-method status="PASS" signature="setup()[pri:0, instance:main.GoogleSearch@cb5822]" name="setup" is-config="true" duration-ms="18686" started-at="2020-01-22T19:41:05Z" finished-at="2020-01-22T19:41:24Z">
          <reporter-output>
          </reporter-output>
        </test-method> <!-- setup -->
        <test-method status="PASS" signature="Test(java.lang.String)[pri:0, instance:main.GoogleSearch@cb5822]" name="Test" duration-ms="9472" started-at="2020-01-22T19:41:24Z" data-provider="data" finished-at="2020-01-22T19:41:33Z">
          <params>
            <param index="0">
              <value>
                <![CDATA[peer-to-peer lending]]>
              </value>
            </param>
          </params>
          <reporter-output>
          </reporter-output>
        </test-method> <!-- Test -->
        <test-method status="PASS" signature="tearDown()[pri:0, instance:main.GoogleSearch@cb5822]" name="tearDown" is-config="true" duration-ms="1378" started-at="2020-01-22T19:41:33Z" finished-at="2020-01-22T19:41:35Z">
          <reporter-output>
          </reporter-output>
        </test-method> <!-- tearDown -->
        <test-method status="PASS" signature="setup()[pri:0, instance:main.GoogleSearch@cb5822]" name="setup" is-config="true" duration-ms="7802" started-at="2020-01-22T19:41:35Z" finished-at="2020-01-22T19:41:42Z">
          <reporter-output>
          </reporter-output>
        </test-method> <!-- setup -->
        <test-method status="PASS" signature="Test(java.lang.String)[pri:0, instance:main.GoogleSearch@cb5822]" name="Test" duration-ms="33053" started-at="2020-01-22T19:41:42Z" data-provider="data" finished-at="2020-01-22T19:42:15Z">
          <params>
            <param index="0">
              <value>
                <![CDATA[low risk fund]]>
              </value>
            </param>
          </params>
          <reporter-output>
          </reporter-output>
        </test-method> <!-- Test -->
        <test-method status="PASS" signature="tearDown()[pri:0, instance:main.GoogleSearch@cb5822]" name="tearDown" is-config="true" duration-ms="1535" started-at="2020-01-22T19:42:15Z" finished-at="2020-01-22T19:42:17Z">
          <reporter-output>
          </reporter-output>
        </test-method> <!-- tearDown -->
        <test-method status="PASS" signature="setup()[pri:0, instance:main.GoogleSearch@cb5822]" name="setup" is-config="true" duration-ms="9929" started-at="2020-01-22T19:42:17Z" finished-at="2020-01-22T19:42:27Z">
          <reporter-output>
          </reporter-output>
        </test-method> <!-- setup -->
        <test-method status="PASS" signature="Test(java.lang.String)[pri:0, instance:main.GoogleSearch@cb5822]" name="Test" duration-ms="3966" started-at="2020-01-22T19:42:27Z" data-provider="data" finished-at="2020-01-22T19:42:31Z">
          <params>
            <param index="0">
              <value>
                <![CDATA[finzy]]>
              </value>
            </param>
          </params>
          <reporter-output>
          </reporter-output>
        </test-method> <!-- Test -->
        <test-method status="PASS" signature="tearDown()[pri:0, instance:main.GoogleSearch@cb5822]" name="tearDown" is-config="true" duration-ms="1130" started-at="2020-01-22T19:42:31Z" finished-at="2020-01-22T19:42:32Z">
          <reporter-output>
          </reporter-output>
        </test-method> <!-- tearDown -->
        <test-method status="PASS" signature="setup()[pri:0, instance:main.GoogleSearch@cb5822]" name="setup" is-config="true" duration-ms="7269" started-at="2020-01-22T19:42:32Z" finished-at="2020-01-22T19:42:39Z">
          <reporter-output>
          </reporter-output>
        </test-method> <!-- setup -->
        <test-method status="PASS" signature="Test(java.lang.String)[pri:0, instance:main.GoogleSearch@cb5822]" name="Test" duration-ms="31308" started-at="2020-01-22T19:42:39Z" data-provider="data" finished-at="2020-01-22T19:43:11Z">
          <params>
            <param index="0">
              <value>
                <![CDATA[low risk investment]]>
              </value>
            </param>
          </params>
          <reporter-output>
          </reporter-output>
        </test-method> <!-- Test -->
        <test-method status="PASS" signature="tearDown()[pri:0, instance:main.GoogleSearch@cb5822]" name="tearDown" is-config="true" duration-ms="1083" started-at="2020-01-22T19:43:11Z" finished-at="2020-01-22T19:43:12Z">
          <reporter-output>
          </reporter-output>
        </test-method> <!-- tearDown -->
      </class> <!-- main.GoogleSearch -->
    </test> <!-- Default test -->
  </suite> <!-- Default suite -->
</testng-results>
