<?xml version="1.0" encoding="UTF-8"?>
<!-- Generated by org.testng.reporters.JUnitXMLReporter -->
<testsuite hostname="DESKTOP-8INARV7" ignored="0" name="Default test" tests="4" failures="0" timestamp="21 Jan 2020 13:51:07 GMT" time="171.943" errors="0">
  <testcase name="Test" time="18.874" classname="main.GoogleSearch"/>
  <testcase name="Test" time="42.263" classname="main.GoogleSearch"/>
  <testcase name="Test" time="4.558" classname="main.GoogleSearch"/>
  <testcase name="Test" time="34.751" classname="main.GoogleSearch"/>
</testsuite> <!-- Default test -->
