<?xml version="1.0" encoding="UTF-8"?>
<!-- Generated by org.testng.reporters.JUnitXMLReporter -->
<testsuite hostname="DESKTOP-8INARV7" ignored="0" name="Default test" tests="4" failures="0" timestamp="22 Jan 2020 14:13:12 GMT" time="129.753" errors="0">
  <testcase name="Test" time="9.472" classname="main.GoogleSearch"/>
  <testcase name="Test" time="33.053" classname="main.GoogleSearch"/>
  <testcase name="Test" time="3.966" classname="main.GoogleSearch"/>
  <testcase name="Test" time="31.308" classname="main.GoogleSearch"/>
</testsuite> <!-- Default test -->
